
> tattoo-connect-frontend@0.1.0 start
> react-scripts start

(node:38679) [DEP_WEBPACK_DEV_SERVER_ON_AFTER_SETUP_MIDDLEWARE] DeprecationWarning: 'onAfterSetupMiddleware' option is deprecated. Please use the 'setupMiddlewares' option.
(Use `node --trace-deprecation ...` to show where the warning was created)
(node:38679) [DEP_WEBPACK_DEV_SERVER_ON_BEFORE_SETUP_MIDDLEWARE] DeprecationWarning: 'onBeforeSetupMiddleware' option is deprecated. Please use the 'setupMiddlewares' option.
Starting the development server...

Failed to compile.

Syntax error: /home/karl/my-project/paltattoo/frontend/src/index.css The `hover:bg-error-700` class does not exist. If `hover:bg-error-700` is a custom class, make sure it is defined within a `@layer` directive. (73:5)
  71 | 
  72 |   .btn-danger {
> 73 |     @apply btn bg-error-600 text-white hover:bg-error-700 focus:ring-error-500;
     |     ^
  74 |   }
  75 |
WARNING in [eslint] 
src/components/common/Navbar.js
  Line 8:26:  'hasActiveSubscription' is assigned a value but never used  no-unused-vars

src/components/common/NotificationContainer.js
  Line 25:33:  'duration' is assigned a value but never used     no-unused-vars
  Line 60:9:   'textClasses' is assigned a value but never used  no-unused-vars

src/components/common/Sidebar.js
  Line 6:27:   'isClient' is assigned a value but never used                                                                                                                                                                                                                                                                                                                      no-unused-vars
  Line 7:26:   'toggleSidebar' is assigned a value but never used                                                                                                                                                                                                                                                                                                                 no-unused-vars
  Line 122:9:  The href attribute requires a valid value to be accessible. Provide a valid, navigable address as the href value. If you cannot provide a valid href, but still need the element to resemble a link, use a button and change it with appropriate styles. Learn more: https://github.com/jsx-eslint/eslint-plugin-jsx-a11y/blob/HEAD/docs/rules/anchor-is-valid.md  jsx-a11y/anchor-is-valid

src/context/AppContext.js
  Line 219:6:  React Hook useEffect has missing dependencies: 'state.language' and 'state.theme'. Either include them or remove the dependency array  react-hooks/exhaustive-deps

src/pages/DashboardPage.js
  Line 6:27:  'isClient' is assigned a value but never used  no-unused-vars

src/pages/auth/RegisterPage.js
  Line 54:5:   Expected a default case  default-case
  Line 171:5:  Expected a default case  default-case

ERROR in ./src/index.css (./node_modules/css-loader/dist/cjs.js??ruleSet[1].rules[1].oneOf[5].use[1]!./node_modules/postcss-loader/dist/cjs.js??ruleSet[1].rules[1].oneOf[5].use[2]!./node_modules/source-map-loader/dist/cjs.js!./src/index.css)
Module build failed (from ./node_modules/postcss-loader/dist/cjs.js):
SyntaxError

(73:5) /home/karl/my-project/paltattoo/frontend/src/index.css The `hover:bg-error-700` class does not exist. If `hover:bg-error-700` is a custom class, make sure it is defined within a `@layer` directive.

  71 | 
  72 |   .btn-danger {
> 73 |     @apply btn bg-error-600 text-white hover:bg-error-700 focus:ring-error-500;
     |     ^
  74 |   }
  75 |

ERROR in [eslint] 
src/components/common/Layout.js
  Line 26:32:  React Hook "useApp" cannot be called inside a callback. React Hooks must be called in a React function component or a custom React Hook function  react-hooks/rules-of-hooks

Search for the keywords to learn more about each error.

webpack compiled with 2 errors and 1 warning
Compiling...
Failed to compile.

[eslint] 
src/components/common/Layout.js
  Line 26:32:  React Hook "useApp" cannot be called inside a callback. React Hooks must be called in a React function component or a custom React Hook function  react-hooks/rules-of-hooks

Search for the keywords to learn more about each error.
WARNING in [eslint] 
src/components/common/Layout.js
  Line 10:26:  'toggleSidebar' is assigned a value but never used  no-unused-vars

src/components/common/Navbar.js
  Line 8:26:  'hasActiveSubscription' is assigned a value but never used  no-unused-vars

src/components/common/NotificationContainer.js
  Line 25:33:  'duration' is assigned a value but never used     no-unused-vars
  Line 60:9:   'textClasses' is assigned a value but never used  no-unused-vars

src/components/common/Sidebar.js
  Line 6:27:   'isClient' is assigned a value but never used                                                                                                                                                                                                                                                                                                                      no-unused-vars
  Line 7:26:   'toggleSidebar' is assigned a value but never used                                                                                                                                                                                                                                                                                                                 no-unused-vars
  Line 122:9:  The href attribute requires a valid value to be accessible. Provide a valid, navigable address as the href value. If you cannot provide a valid href, but still need the element to resemble a link, use a button and change it with appropriate styles. Learn more: https://github.com/jsx-eslint/eslint-plugin-jsx-a11y/blob/HEAD/docs/rules/anchor-is-valid.md  jsx-a11y/anchor-is-valid

src/context/AppContext.js
  Line 219:6:  React Hook useEffect has missing dependencies: 'state.language' and 'state.theme'. Either include them or remove the dependency array  react-hooks/exhaustive-deps

src/pages/DashboardPage.js
  Line 6:27:  'isClient' is assigned a value but never used  no-unused-vars

src/pages/auth/RegisterPage.js
  Line 54:5:   Expected a default case  default-case
  Line 171:5:  Expected a default case  default-case

ERROR in [eslint] 
src/components/common/Layout.js
  Line 26:32:  React Hook "useApp" cannot be called inside a callback. React Hooks must be called in a React function component or a custom React Hook function  react-hooks/rules-of-hooks

Search for the keywords to learn more about each error.

webpack compiled with 1 error and 1 warning
Compiling...
Compiled with warnings.

[eslint] 
src/components/common/Navbar.js
  Line 8:26:  'hasActiveSubscription' is assigned a value but never used  no-unused-vars

src/components/common/NotificationContainer.js
  Line 25:33:  'duration' is assigned a value but never used     no-unused-vars
  Line 60:9:   'textClasses' is assigned a value but never used  no-unused-vars

src/components/common/Sidebar.js
  Line 6:27:   'isClient' is assigned a value but never used                                                                                                                                                                                                                                                                                                                      no-unused-vars
  Line 7:26:   'toggleSidebar' is assigned a value but never used                                                                                                                                                                                                                                                                                                                 no-unused-vars
  Line 122:9:  The href attribute requires a valid value to be accessible. Provide a valid, navigable address as the href value. If you cannot provide a valid href, but still need the element to resemble a link, use a button and change it with appropriate styles. Learn more: https://github.com/jsx-eslint/eslint-plugin-jsx-a11y/blob/HEAD/docs/rules/anchor-is-valid.md  jsx-a11y/anchor-is-valid

src/context/AppContext.js
  Line 219:6:  React Hook useEffect has missing dependencies: 'state.language' and 'state.theme'. Either include them or remove the dependency array  react-hooks/exhaustive-deps

src/pages/DashboardPage.js
  Line 6:27:  'isClient' is assigned a value but never used  no-unused-vars

src/pages/auth/RegisterPage.js
  Line 54:5:   Expected a default case  default-case
  Line 171:5:  Expected a default case  default-case

Search for the keywords to learn more about each warning.
To ignore, add // eslint-disable-next-line to the line before.

WARNING in [eslint] 
src/components/common/Navbar.js
  Line 8:26:  'hasActiveSubscription' is assigned a value but never used  no-unused-vars

src/components/common/NotificationContainer.js
  Line 25:33:  'duration' is assigned a value but never used     no-unused-vars
  Line 60:9:   'textClasses' is assigned a value but never used  no-unused-vars

src/components/common/Sidebar.js
  Line 6:27:   'isClient' is assigned a value but never used                                                                                                                                                                                                                                                                                                                      no-unused-vars
  Line 7:26:   'toggleSidebar' is assigned a value but never used                                                                                                                                                                                                                                                                                                                 no-unused-vars
  Line 122:9:  The href attribute requires a valid value to be accessible. Provide a valid, navigable address as the href value. If you cannot provide a valid href, but still need the element to resemble a link, use a button and change it with appropriate styles. Learn more: https://github.com/jsx-eslint/eslint-plugin-jsx-a11y/blob/HEAD/docs/rules/anchor-is-valid.md  jsx-a11y/anchor-is-valid

src/context/AppContext.js
  Line 219:6:  React Hook useEffect has missing dependencies: 'state.language' and 'state.theme'. Either include them or remove the dependency array  react-hooks/exhaustive-deps

src/pages/DashboardPage.js
  Line 6:27:  'isClient' is assigned a value but never used  no-unused-vars

src/pages/auth/RegisterPage.js
  Line 54:5:   Expected a default case  default-case
  Line 171:5:  Expected a default case  default-case

webpack compiled with 1 warning
